<?xml version="1.0" encoding="UTF-8"?>
<!-- Generated by org.testng.reporters.JUnitXMLReporter -->
<testsuite ignored="1" hostname="INLEN8520024218" failures="0" tests="3" name="Default test" time="8.803" errors="0" timestamp="2022-06-17T18:39:46 IST">
  <testcase classname="test.VerifyGetMethod" name="TestPostMethod1" time="2.357"/>
  <testcase classname="apiutils.CreateAPI" name="getMethod" time="2.923"/>
  <testcase classname="test.VerifyGetMethod" name="TestGetMethod" time="3.495"/>
  <testcase classname="test.VerifyGetMethod" name="TestDeleteMethod" time="0.0">
    <ignored/>
  </testcase> <!-- TestDeleteMethod -->
</testsuite> <!-- Default test -->
