<?xml version="1.0" encoding="UTF-8"?>
<testng-results ignored="1" total="4" passed="3" failed="0" skipped="0">
  <reporter-output>
  </reporter-output>
  <suite started-at="2022-06-17T18:39:38 IST" name="Default suite" finished-at="2022-06-17T18:39:46 IST" duration-ms="8803">
    <groups>
    </groups>
    <test started-at="2022-06-17T18:39:38 IST" name="Default test" finished-at="2022-06-17T18:39:46 IST" duration-ms="8803">
      <class name="test.VerifyGetMethod">
        <test-method signature="TestPostMethod1()[pri:0, instance:test.VerifyGetMethod@3e96bacf]" started-at="2022-06-17T18:39:38 IST" name="TestPostMethod1" finished-at="2022-06-17T18:39:40 IST" duration-ms="2357" status="PASS">
          <reporter-output>
          </reporter-output>
        </test-method> <!-- TestPostMethod1 -->
        <test-method signature="getMethod()[pri:0, instance:test.VerifyGetMethod@3e96bacf]" started-at="2022-06-17T18:39:40 IST" name="getMethod" finished-at="2022-06-17T18:39:43 IST" duration-ms="2923" status="PASS">
          <reporter-output>
          </reporter-output>
        </test-method> <!-- getMethod -->
        <test-method signature="TestGetMethod()[pri:1, instance:test.VerifyGetMethod@3e96bacf]" started-at="2022-06-17T18:39:43 IST" name="TestGetMethod" finished-at="2022-06-17T18:39:46 IST" duration-ms="3495" status="PASS">
          <reporter-output>
          </reporter-output>
        </test-method> <!-- TestGetMethod -->
      </class> <!-- test.VerifyGetMethod -->
    </test> <!-- Default test -->
  </suite> <!-- Default suite -->
</testng-results>
